2026-06-13 08:12:27 | INFO | loader:42 | Dataset ya descargado, usando caché local.
2026-06-13 08:12:28 | INFO | loader:99 |   orders              :   99,441 filas x   8 cols
2026-06-13 08:12:28 | INFO | loader:99 |   order_items         :  112,650 filas x   7 cols
2026-06-13 08:12:28 | INFO | loader:99 |   order_payments      :  103,886 filas x   5 cols
2026-06-13 08:12:29 | INFO | loader:99 |   order_reviews       :   99,224 filas x   7 cols
2026-06-13 08:12:29 | INFO | loader:99 |   customers           :   99,441 filas x   5 cols
2026-06-13 08:12:29 | INFO | loader:99 |   products            :   32,951 filas x   9 cols
2026-06-13 08:12:29 | INFO | loader:99 |   sellers             :    3,095 filas x   4 cols
2026-06-13 08:12:29 | INFO | loader:99 |   category_trans      :       71 filas x   2 cols
2026-06-13 08:12:31 | INFO | loader:99 |   geolocation         : 1,000,163 filas x   5 cols
2026-06-13 08:12:31 | INFO | loader:101 | Total datasets cargados: 9
2026-06-13 08:12:31 | INFO | loader:123 | Rango temporal: 2016-09-04 → 2018-10-17 (25 meses)
2026-06-13 08:15:13 | INFO | loader:42 | Dataset ya descargado, usando caché local.
2026-06-13 08:15:15 | INFO | loader:99 |   orders              :   99,441 filas x   8 cols
2026-06-13 08:15:16 | INFO | loader:99 |   order_items         :  112,650 filas x   7 cols
2026-06-13 08:15:16 | INFO | loader:99 |   order_payments      :  103,886 filas x   5 cols
2026-06-13 08:15:17 | INFO | loader:99 |   order_reviews       :   99,224 filas x   7 cols
2026-06-13 08:15:17 | INFO | loader:99 |   customers           :   99,441 filas x   5 cols
2026-06-13 08:15:17 | INFO | loader:99 |   products            :   32,951 filas x   9 cols
2026-06-13 08:15:17 | INFO | loader:99 |   sellers             :    3,095 filas x   4 cols
2026-06-13 08:15:17 | INFO | loader:99 |   category_trans      :       71 filas x   2 cols
2026-06-13 08:15:21 | INFO | loader:99 |   geolocation         : 1,000,163 filas x   5 cols
2026-06-13 08:15:21 | INFO | loader:101 | Total datasets cargados: 9
2026-06-13 08:15:23 | INFO | loader:123 | Rango temporal: 2016-09-04 → 2018-10-17 (25 meses)
2026-06-13 08:15:28 | INFO | loader:145 | 
       dataset    rows  cols  null_pct  dup_rows
        orders   99441     8      0.62         0
   order_items  112650     7      0.00         0
order_payments  103886     5      0.00         0
 order_reviews   99224     7     21.01         0
     customers   99441     5      0.00         0
      products   32951     9      0.83         0
       sellers    3095     4      0.00         0
category_trans      71     2      0.00         0
   geolocation 1000163     5      0.00    261831
2026-06-13 08:15:32 | INFO | master_table:21 | Construyendo Master Table…
2026-06-13 08:15:33 | INFO | master_table:61 | Master Table base: 119,143 filas x 30 cols
2026-06-13 08:15:33 | INFO | master_table:71 | Generando features transaccionales…
2026-06-13 08:15:33 | INFO | master_table:126 | Features transaccionales añadidas: 54 cols totales
2026-06-13 08:15:33 | INFO | monthly_agg:26 | Construyendo tabla mensual…
2026-06-13 08:15:33 | INFO | monthly_agg:36 | Órdenes válidas (delivered + payment>0): 96,477
2026-06-13 08:15:34 | INFO | monthly_agg:69 | Serie mensual: 20 meses  (Dec 2016 → Jul 2018)
2026-06-13 08:15:34 | INFO | monthly_agg:119 | Features de series temporales añadidas: 44 cols totales
2026-06-13 08:15:54 | INFO | master_table:21 | Construyendo Master Table…
2026-06-13 08:15:55 | INFO | master_table:61 | Master Table base: 119,143 filas x 30 cols
2026-06-13 08:15:56 | INFO | master_table:71 | Generando features transaccionales…
2026-06-13 08:15:56 | INFO | master_table:126 | Features transaccionales añadidas: 54 cols totales
2026-06-13 08:15:56 | INFO | monthly_agg:26 | Construyendo tabla mensual…
2026-06-13 08:15:56 | INFO | monthly_agg:36 | Órdenes válidas (delivered + payment>0): 96,477
2026-06-13 08:15:56 | INFO | monthly_agg:69 | Serie mensual: 20 meses  (Dec 2016 → Jul 2018)
2026-06-13 08:15:56 | INFO | monthly_agg:119 | Features de series temporales añadidas: 44 cols totales
2026-06-13 08:16:03 | INFO | monthly_agg:154 |   Split train     :  17 meses
2026-06-13 08:16:03 | INFO | monthly_agg:154 |   Split val       :   3 meses
2026-06-13 08:16:03 | INFO | monthly_agg:154 |   Split backtest  :   0 meses
2026-06-13 08:16:03 | INFO | monthly_agg:154 |   Split live      :   0 meses
2026-06-13 08:16:03 | INFO | monthly_agg:154 |   Split all       :  20 meses
2026-06-13 08:16:22 | INFO | cleaning:47 | OutlierClipper ajustado en 41 columnas
2026-06-13 08:16:22 | INFO | cleaning:89 | NaNImputer ajustado (median) en 41 columnas
2026-06-13 08:16:22 | INFO | cleaning:104 | NaN imputados: 79 → 0
2026-06-13 08:16:22 | INFO | cleaning:128 | RareCategoryGrouper ajustado en 0 columnas
2026-06-13 08:16:22 | INFO | cleaning:170 | CategoricalEncoder ajustado en 0 columnas categóricas
2026-06-13 08:16:22 | INFO | cleaning:232 | FeatureScaler (standard) ajustado en 39 columnas
2026-06-13 08:16:22 | INFO | cleaning:305 | Limpieza aplicada (fit+transform)
2026-06-13 08:16:52 | INFO | monthly_agg:154 |   Split train     :  17 meses
2026-06-13 08:16:52 | INFO | monthly_agg:154 |   Split val       :   3 meses
2026-06-13 08:16:52 | INFO | monthly_agg:154 |   Split backtest  :   0 meses
2026-06-13 08:16:52 | INFO | monthly_agg:154 |   Split live      :   0 meses
2026-06-13 08:16:52 | INFO | monthly_agg:154 |   Split all       :  20 meses
2026-06-13 08:16:52 | INFO | selection:275 | 
============================================================
2026-06-13 08:16:52 | INFO | selection:276 | SELECCIÓN DE VARIABLES – Estado inicial: 41 features
2026-06-13 08:16:52 | INFO | selection:277 | ============================================================
2026-06-13 08:16:52 | INFO | selection:104 | Missing: 41 features OK, 0 eliminadas
2026-06-13 08:16:52 | INFO | selection:86 | PSI: 4 features estables, 37 eliminadas
2026-06-13 08:16:52 | WARNING | selection:247 | PSI: propuesta dejó 4 features (< 5), se retienen 5
2026-06-13 08:16:52 | INFO | selection:123 | Correlación (umbral=0.95): 4 features OK, 1 eliminadas
2026-06-13 08:16:52 | WARNING | selection:247 | Correlación: propuesta dejó 4 features (< 5), se retienen 5
2026-06-13 08:16:52 | INFO | selection:183 | Univariante (umbral=0.1): 5 features OK, 0 eliminadas
2026-06-13 08:16:59 | INFO | selection:221 | WRAPPER RFECV: 3 features seleccionadas
2026-06-13 08:16:59 | WARNING | selection:247 | Wrapper: propuesta dejó 3 features (< 5), se retienen 5
2026-06-13 08:16:59 | INFO | selection:379 | 
============================================================
2026-06-13 08:16:59 | INFO | selection:380 | RESUMEN DE SELECCIÓN DE VARIABLES:
2026-06-13 08:16:59 | INFO | selection:382 |   0_initial: 41 features
2026-06-13 08:16:59 | INFO | selection:382 |   1_missing: 41 features
2026-06-13 08:16:59 | INFO | selection:382 |   2_psi: 5 features
2026-06-13 08:16:59 | INFO | selection:382 |   3_correlation: 5 features
2026-06-13 08:16:59 | INFO | selection:382 |   4_univariate: 5 features
2026-06-13 08:16:59 | INFO | selection:382 |   5_wrapper: 5 features
2026-06-13 08:16:59 | INFO | selection:383 |   → Features finales seleccionadas: 5
2026-06-13 08:16:59 | INFO | selection:384 | ============================================================
2026-06-13 08:17:08 | INFO | trainer:95 | Iniciando Optuna (n_trials=20, timeout=120s, metric=rmse)…
2026-06-13 08:17:11 | INFO | trainer:119 | Mejor RMSE: 460626.3732
2026-06-13 08:17:11 | INFO | trainer:120 | Mejores parámetros: {'n_estimators': 638, 'learning_rate': 0.0835361075531176, 'num_leaves': 19, 'max_depth': 4, 'min_child_samples': 6, 'subsample': 0.7301321323053057, 'colsample_bytree': 0.7554709158757928, 'reg_alpha': 0.2713490317738959, 'reg_lambda': 0.8287375091519293}
2026-06-13 08:17:26 | INFO | metrics:51 | [Naive] RMSE=139,874.73  MAE=117,930.31  MAPE=9.05%  sMAPE=8.51%
2026-06-13 08:17:26 | INFO | metrics:51 | [MovingAverage_3M] RMSE=96,803.98  MAE=95,645.99  MAPE=7.12%  sMAPE=6.96%
2026-06-13 08:17:26 | INFO | metrics:51 | [SeasonalNaive] RMSE=691,070.88  MAE=686,897.28  MAPE=50.47%  sMAPE=67.69%
2026-06-13 08:17:26 | INFO | metrics:51 | [LinearTrend] RMSE=423,893.54  MAE=395,532.86  MAPE=29.87%  sMAPE=25.45%
2026-06-13 08:17:26 | INFO | baseline:114 | 
Mejor baseline: MovingAverage_3M (MAPE=7.12%)
2026-06-13 08:17:26 | INFO | baseline:115 | Objetivo final: MAPE < 10%
2026-06-13 08:17:26 | INFO | forecaster:87 | LightGBM entrenado (3 horizontes)
2026-06-13 08:17:26 | INFO | trainer:158 | Modelo final entrenado con mejores hiperparámetros
2026-06-13 08:17:26 | INFO | metrics:51 | [LightGBM_final] RMSE=118,807.46  MAE=95,849.83  MAPE=6.80%  sMAPE=6.94%
2026-06-13 08:17:44 | INFO | metrics:51 | [Naive] RMSE=139,874.73  MAE=117,930.31  MAPE=9.05%  sMAPE=8.51%
2026-06-13 08:17:44 | INFO | metrics:51 | [MovingAverage_3M] RMSE=96,803.98  MAE=95,645.99  MAPE=7.12%  sMAPE=6.96%
2026-06-13 08:17:44 | INFO | metrics:51 | [SeasonalNaive] RMSE=691,070.88  MAE=686,897.28  MAPE=50.47%  sMAPE=67.69%
2026-06-13 08:17:44 | INFO | metrics:51 | [LinearTrend] RMSE=423,893.54  MAE=395,532.86  MAPE=29.87%  sMAPE=25.45%
2026-06-13 08:17:44 | INFO | baseline:114 | 
Mejor baseline: MovingAverage_3M (MAPE=7.12%)
2026-06-13 08:17:44 | INFO | baseline:115 | Objetivo final: MAPE < 10%
2026-06-13 08:17:44 | INFO | forecaster:87 | LightGBM entrenado (3 horizontes)
2026-06-13 08:17:44 | INFO | trainer:158 | Modelo final entrenado con mejores hiperparámetros
2026-06-13 08:17:44 | INFO | metrics:51 | [LightGBM_final] RMSE=118,807.46  MAE=95,849.83  MAPE=6.80%  sMAPE=6.94%
2026-06-13 08:17:59 | INFO | metrics:51 | [Naive] RMSE=139,874.73  MAE=117,930.31  MAPE=9.05%  sMAPE=8.51%
2026-06-13 08:17:59 | INFO | metrics:51 | [MovingAverage_3M] RMSE=96,803.98  MAE=95,645.99  MAPE=7.12%  sMAPE=6.96%
2026-06-13 08:17:59 | INFO | metrics:51 | [SeasonalNaive] RMSE=691,070.88  MAE=686,897.28  MAPE=50.47%  sMAPE=67.69%
2026-06-13 08:17:59 | INFO | metrics:51 | [LinearTrend] RMSE=423,893.54  MAE=395,532.86  MAPE=29.87%  sMAPE=25.45%
2026-06-13 08:17:59 | INFO | baseline:114 | 
Mejor baseline: MovingAverage_3M (MAPE=7.12%)
2026-06-13 08:17:59 | INFO | baseline:115 | Objetivo final: MAPE < 10%
2026-06-13 08:17:59 | INFO | forecaster:87 | LightGBM entrenado (3 horizontes)
2026-06-13 08:17:59 | INFO | trainer:158 | Modelo final entrenado con mejores hiperparámetros
2026-06-13 08:17:59 | INFO | metrics:51 | [LightGBM_final] RMSE=118,807.46  MAE=95,849.83  MAPE=6.80%  sMAPE=6.94%
2026-06-13 08:18:23 | INFO | monthly_agg:185 | Simulando actualización mensual de datos…
2026-06-13 08:18:23 | INFO | monthly_agg:119 | Features de series temporales añadidas: 44 cols totales
2026-06-13 08:18:23 | INFO | monthly_agg:189 | Tabla actualizada: 21 meses
2026-06-13 08:18:32 | INFO | monthly_agg:185 | Simulando actualización mensual de datos…
2026-06-13 08:18:32 | INFO | monthly_agg:119 | Features de series temporales añadidas: 44 cols totales
2026-06-13 08:18:32 | INFO | monthly_agg:189 | Tabla actualizada: 21 meses
2026-06-13 08:18:40 | INFO | metrics:129 | Métricas de negocio calculadas
2026-06-13 08:18:47 | INFO | helpers:52 | Modelo guardado: D:\2026\maestria\mod13\ProyectoG10\data\models\lgbm_forecaster.pkl
2026-06-13 08:18:47 | INFO | helpers:52 | Modelo guardado: D:\2026\maestria\mod13\ProyectoG10\data\models\cleaning_pipeline.pkl
2026-06-13 08:18:48 | INFO | helpers:74 | DataFrame guardado: D:\2026\maestria\mod13\ProyectoG10\data\processed\monthly_features.parquet (20 filas)
2026-06-13 08:19:10 | INFO | cleaning:47 | OutlierClipper ajustado en 41 columnas
2026-06-13 08:19:10 | INFO | cleaning:89 | NaNImputer ajustado (median) en 41 columnas
2026-06-13 08:19:10 | INFO | cleaning:104 | NaN imputados: 0 → 0
2026-06-13 08:19:10 | INFO | cleaning:128 | RareCategoryGrouper ajustado en 0 columnas
2026-06-13 08:19:10 | INFO | cleaning:170 | CategoricalEncoder ajustado en 0 columnas categóricas
2026-06-13 08:19:10 | INFO | cleaning:232 | FeatureScaler (standard) ajustado en 39 columnas
2026-06-13 08:19:10 | INFO | cleaning:305 | Limpieza aplicada (fit+transform)
2026-06-13 08:19:10 | INFO | monthly_agg:154 |   Split train     :  17 meses
2026-06-13 08:19:10 | INFO | monthly_agg:154 |   Split val       :   3 meses
2026-06-13 08:19:10 | INFO | monthly_agg:154 |   Split backtest  :   0 meses
2026-06-13 08:19:10 | INFO | monthly_agg:154 |   Split live      :   0 meses
2026-06-13 08:19:10 | INFO | monthly_agg:154 |   Split all       :  20 meses
2026-06-13 08:19:10 | INFO | selection:275 | 
============================================================
2026-06-13 08:19:10 | INFO | selection:276 | SELECCIÓN DE VARIABLES – Estado inicial: 41 features
2026-06-13 08:19:10 | INFO | selection:277 | ============================================================
2026-06-13 08:19:10 | INFO | selection:104 | Missing: 41 features OK, 0 eliminadas
2026-06-13 08:19:10 | INFO | selection:86 | PSI: 4 features estables, 37 eliminadas
2026-06-13 08:19:10 | WARNING | selection:247 | PSI: propuesta dejó 4 features (< 5), se retienen 5
2026-06-13 08:19:10 | INFO | selection:123 | Correlación (umbral=0.95): 4 features OK, 1 eliminadas
2026-06-13 08:19:10 | WARNING | selection:247 | Correlación: propuesta dejó 4 features (< 5), se retienen 5
2026-06-13 08:19:10 | INFO | selection:183 | Univariante (umbral=0.1): 5 features OK, 0 eliminadas
2026-06-13 08:19:14 | INFO | selection:221 | WRAPPER RFECV: 3 features seleccionadas
2026-06-13 08:19:14 | WARNING | selection:247 | Wrapper: propuesta dejó 3 features (< 5), se retienen 5
2026-06-13 08:19:14 | INFO | selection:379 | 
============================================================
2026-06-13 08:19:14 | INFO | selection:380 | RESUMEN DE SELECCIÓN DE VARIABLES:
2026-06-13 08:19:14 | INFO | selection:382 |   0_initial: 41 features
2026-06-13 08:19:14 | INFO | selection:382 |   1_missing: 41 features
2026-06-13 08:19:14 | INFO | selection:382 |   2_psi: 5 features
2026-06-13 08:19:14 | INFO | selection:382 |   3_correlation: 5 features
2026-06-13 08:19:14 | INFO | selection:382 |   4_univariate: 5 features
2026-06-13 08:19:14 | INFO | selection:382 |   5_wrapper: 5 features
2026-06-13 08:19:14 | INFO | selection:383 |   → Features finales seleccionadas: 5
2026-06-13 08:19:14 | INFO | selection:384 | ============================================================
2026-06-13 08:19:20 | INFO | cleaning:47 | OutlierClipper ajustado en 41 columnas
2026-06-13 08:19:20 | INFO | cleaning:89 | NaNImputer ajustado (median) en 41 columnas
2026-06-13 08:19:20 | INFO | cleaning:104 | NaN imputados: 0 → 0
2026-06-13 08:19:20 | INFO | cleaning:128 | RareCategoryGrouper ajustado en 0 columnas
2026-06-13 08:19:20 | INFO | cleaning:170 | CategoricalEncoder ajustado en 0 columnas categóricas
2026-06-13 08:19:20 | INFO | cleaning:232 | FeatureScaler (standard) ajustado en 39 columnas
2026-06-13 08:19:20 | INFO | cleaning:305 | Limpieza aplicada (fit+transform)
2026-06-13 08:19:20 | INFO | monthly_agg:154 |   Split train     :  17 meses
2026-06-13 08:19:20 | INFO | monthly_agg:154 |   Split val       :   3 meses
2026-06-13 08:19:20 | INFO | monthly_agg:154 |   Split backtest  :   0 meses
2026-06-13 08:19:20 | INFO | monthly_agg:154 |   Split live      :   0 meses
2026-06-13 08:19:20 | INFO | monthly_agg:154 |   Split all       :  20 meses
2026-06-13 08:19:20 | INFO | selection:275 | 
============================================================
2026-06-13 08:19:20 | INFO | selection:276 | SELECCIÓN DE VARIABLES – Estado inicial: 41 features
2026-06-13 08:19:20 | INFO | selection:277 | ============================================================
2026-06-13 08:19:20 | INFO | selection:104 | Missing: 41 features OK, 0 eliminadas
2026-06-13 08:19:20 | INFO | selection:86 | PSI: 4 features estables, 37 eliminadas
2026-06-13 08:19:20 | WARNING | selection:247 | PSI: propuesta dejó 4 features (< 5), se retienen 5
2026-06-13 08:19:20 | INFO | selection:123 | Correlación (umbral=0.95): 4 features OK, 1 eliminadas
2026-06-13 08:19:20 | WARNING | selection:247 | Correlación: propuesta dejó 4 features (< 5), se retienen 5
2026-06-13 08:19:21 | INFO | selection:183 | Univariante (umbral=0.1): 5 features OK, 0 eliminadas
2026-06-13 08:19:26 | INFO | selection:221 | WRAPPER RFECV: 3 features seleccionadas
2026-06-13 08:19:26 | WARNING | selection:247 | Wrapper: propuesta dejó 3 features (< 5), se retienen 5
2026-06-13 08:19:26 | INFO | selection:379 | 
============================================================
2026-06-13 08:19:26 | INFO | selection:380 | RESUMEN DE SELECCIÓN DE VARIABLES:
2026-06-13 08:19:26 | INFO | selection:382 |   0_initial: 41 features
2026-06-13 08:19:26 | INFO | selection:382 |   1_missing: 41 features
2026-06-13 08:19:26 | INFO | selection:382 |   2_psi: 5 features
2026-06-13 08:19:26 | INFO | selection:382 |   3_correlation: 5 features
2026-06-13 08:19:26 | INFO | selection:382 |   4_univariate: 5 features
2026-06-13 08:19:26 | INFO | selection:382 |   5_wrapper: 5 features
2026-06-13 08:19:26 | INFO | selection:383 |   → Features finales seleccionadas: 5
2026-06-13 08:19:26 | INFO | selection:384 | ============================================================
2026-06-13 08:19:35 | INFO | forecaster:87 | LightGBM entrenado (3 horizontes)
2026-06-13 08:19:35 | INFO | forecaster:87 | LightGBM entrenado (3 horizontes)
2026-06-13 08:19:35 | INFO | metrics:51 | [LGBM_todas_41f] RMSE=139,846.86  MAE=116,020.72  MAPE=8.91%  sMAPE=8.71%
2026-06-13 08:19:35 | INFO | metrics:51 | [LGBM_seleccionadas_5f] RMSE=57,319.20  MAE=49,503.91  MAPE=3.74%  sMAPE=3.68%
2026-06-13 08:19:36 | INFO | gap_report:113 | Costo de selección: 41 → 5 features, ΔMAPE = -5.17 pp
2026-06-13 08:19:42 | INFO | forecaster:87 | LightGBM entrenado (3 horizontes)
2026-06-13 08:19:42 | INFO | forecaster:87 | LightGBM entrenado (3 horizontes)
2026-06-13 08:19:43 | INFO | metrics:51 | [LGBM_todas_41f] RMSE=139,846.86  MAE=116,020.72  MAPE=8.91%  sMAPE=8.71%
2026-06-13 08:19:43 | INFO | metrics:51 | [LGBM_seleccionadas_5f] RMSE=57,319.20  MAE=49,503.91  MAPE=3.74%  sMAPE=3.68%
2026-06-13 08:19:43 | INFO | gap_report:113 | Costo de selección: 41 → 5 features, ΔMAPE = -5.17 pp
2026-06-13 08:19:50 | INFO | trainer:95 | Iniciando Optuna (n_trials=30, timeout=180s, metric=rmse)…
2026-06-13 08:19:52 | INFO | trainer:119 | Mejor RMSE: 460626.3732
2026-06-13 08:19:52 | INFO | trainer:120 | Mejores parámetros: {'n_estimators': 638, 'learning_rate': 0.0835361075531176, 'num_leaves': 19, 'max_depth': 4, 'min_child_samples': 6, 'subsample': 0.7301321323053057, 'colsample_bytree': 0.7554709158757928, 'reg_alpha': 0.2713490317738959, 'reg_lambda': 0.8287375091519293}
2026-06-13 08:19:58 | INFO | trainer:95 | Iniciando Optuna (n_trials=30, timeout=180s, metric=rmse)…
2026-06-13 08:19:59 | INFO | trainer:119 | Mejor RMSE: 460626.3732
2026-06-13 08:19:59 | INFO | trainer:120 | Mejores parámetros: {'n_estimators': 638, 'learning_rate': 0.0835361075531176, 'num_leaves': 19, 'max_depth': 4, 'min_child_samples': 6, 'subsample': 0.7301321323053057, 'colsample_bytree': 0.7554709158757928, 'reg_alpha': 0.2713490317738959, 'reg_lambda': 0.8287375091519293}
2026-06-13 08:20:18 | INFO | metrics:51 | [Naive] RMSE=139,874.73  MAE=117,930.31  MAPE=9.05%  sMAPE=8.51%
2026-06-13 08:20:18 | INFO | metrics:51 | [MovingAverage_3M] RMSE=96,803.98  MAE=95,645.99  MAPE=7.12%  sMAPE=6.96%
2026-06-13 08:20:18 | INFO | metrics:51 | [SeasonalNaive] RMSE=691,070.88  MAE=686,897.28  MAPE=50.47%  sMAPE=67.69%
2026-06-13 08:20:18 | INFO | metrics:51 | [LinearTrend] RMSE=423,893.54  MAE=395,532.86  MAPE=29.87%  sMAPE=25.45%
2026-06-13 08:20:18 | INFO | baseline:114 | 
Mejor baseline: MovingAverage_3M (MAPE=7.12%)
2026-06-13 08:20:18 | INFO | baseline:115 | Objetivo final: MAPE < 10%
2026-06-13 08:20:18 | INFO | forecaster:87 | LightGBM entrenado (3 horizontes)
2026-06-13 08:20:18 | INFO | trainer:158 | Modelo final entrenado con mejores hiperparámetros
2026-06-13 08:20:18 | INFO | metrics:51 | [LightGBM_Optuna] RMSE=188,709.76  MAE=131,616.38  MAPE=10.14%  sMAPE=9.19%
2026-06-13 08:20:20 | INFO | sklearn_forecaster:53 | RandomForest entrenado (3 horizontes)
2026-06-13 08:20:20 | INFO | metrics:51 | [RandomForest] RMSE=66,977.73  MAE=63,702.89  MAPE=4.66%  sMAPE=4.64%
2026-06-13 08:20:20 | INFO | sklearn_forecaster:53 | Ridge_Regression entrenado (3 horizontes)
2026-06-13 08:20:20 | INFO | metrics:51 | [Ridge_Regression] RMSE=104,279.20  MAE=88,937.11  MAPE=6.33%  sMAPE=6.60%
2026-06-13 08:20:20 | INFO | sklearn_forecaster:53 | XGBoost entrenado (3 horizontes)
2026-06-13 08:20:20 | INFO | metrics:51 | [XGBoost] RMSE=71,777.60  MAE=58,418.96  MAPE=4.44%  sMAPE=4.55%
2026-06-13 08:20:37 | INFO | forecaster:282 | Prophet entrenado con 17 puntos
2026-06-13 08:20:37 | INFO | metrics:51 | [Prophet] RMSE=1,913,593.21  MAE=1,729,321.52  MAPE=124.58%  sMAPE=86.18%
2026-06-13 08:20:38 | INFO | forecaster:363 | SARIMA entrenado: AIC=10.00
2026-06-13 08:20:38 | INFO | metrics:51 | [SARIMA] RMSE=355,952.57  MAE=294,929.51  MAPE=22.59%  sMAPE=20.96%
2026-06-13 08:20:49 | INFO | metrics:51 | [Naive] RMSE=139,874.73  MAE=117,930.31  MAPE=9.05%  sMAPE=8.51%
2026-06-13 08:20:49 | INFO | metrics:51 | [MovingAverage_3M] RMSE=96,803.98  MAE=95,645.99  MAPE=7.12%  sMAPE=6.96%
2026-06-13 08:20:49 | INFO | metrics:51 | [SeasonalNaive] RMSE=691,070.88  MAE=686,897.28  MAPE=50.47%  sMAPE=67.69%
2026-06-13 08:20:49 | INFO | metrics:51 | [LinearTrend] RMSE=423,893.54  MAE=395,532.86  MAPE=29.87%  sMAPE=25.45%
2026-06-13 08:20:49 | INFO | baseline:114 | 
Mejor baseline: MovingAverage_3M (MAPE=7.12%)
2026-06-13 08:20:49 | INFO | baseline:115 | Objetivo final: MAPE < 10%
2026-06-13 08:20:49 | INFO | forecaster:87 | LightGBM entrenado (3 horizontes)
2026-06-13 08:20:49 | INFO | trainer:158 | Modelo final entrenado con mejores hiperparámetros
2026-06-13 08:20:49 | INFO | metrics:51 | [LightGBM_Optuna] RMSE=188,709.76  MAE=131,616.38  MAPE=10.14%  sMAPE=9.19%
2026-06-13 08:20:50 | INFO | sklearn_forecaster:53 | RandomForest entrenado (3 horizontes)
2026-06-13 08:20:50 | INFO | metrics:51 | [RandomForest] RMSE=66,977.73  MAE=63,702.89  MAPE=4.66%  sMAPE=4.64%
2026-06-13 08:20:50 | INFO | sklearn_forecaster:53 | Ridge_Regression entrenado (3 horizontes)
2026-06-13 08:20:50 | INFO | metrics:51 | [Ridge_Regression] RMSE=104,279.20  MAE=88,937.11  MAPE=6.33%  sMAPE=6.60%
2026-06-13 08:20:51 | INFO | sklearn_forecaster:53 | XGBoost entrenado (3 horizontes)
2026-06-13 08:20:51 | INFO | metrics:51 | [XGBoost] RMSE=71,777.60  MAE=58,418.96  MAPE=4.44%  sMAPE=4.55%
2026-06-13 08:21:05 | INFO | forecaster:282 | Prophet entrenado con 17 puntos
2026-06-13 08:21:05 | INFO | metrics:51 | [Prophet] RMSE=1,913,593.21  MAE=1,729,321.52  MAPE=124.58%  sMAPE=86.18%
2026-06-13 08:21:05 | INFO | forecaster:363 | SARIMA entrenado: AIC=10.00
2026-06-13 08:21:05 | INFO | metrics:51 | [SARIMA] RMSE=355,952.57  MAE=294,929.51  MAPE=22.59%  sMAPE=20.96%
2026-06-13 08:21:05 | INFO | gap_report:74 | Resumen de gap train→backtest calculado
2026-06-13 08:21:16 | INFO | gap_report:74 | Resumen de gap train→backtest calculado
2026-06-13 08:21:45 | INFO | forecaster:87 | LightGBM entrenado (3 horizontes)
2026-06-13 08:21:45 | INFO | trainer:158 | Modelo final entrenado con mejores hiperparámetros
2026-06-13 08:21:58 | INFO | selection_table:124 | Tabla de selección generada: 44 variables, 5 seleccionadas (importancia_seleccion suma 100.0%)
2026-06-13 08:21:58 | INFO | selection_table:135 | Tabla de selección exportada: reports/seleccion_variables.csv
2026-06-13 08:23:24 | INFO | loader:42 | Dataset ya descargado, usando caché local.
2026-06-13 08:23:24 | INFO | loader:42 | Dataset ya descargado, usando caché local.
2026-06-13 08:23:25 | INFO | loader:99 |   orders              :   99,441 filas x   8 cols
2026-06-13 08:23:25 | INFO | loader:99 |   orders              :   99,441 filas x   8 cols
2026-06-13 08:23:25 | INFO | loader:99 |   order_items         :  112,650 filas x   7 cols
2026-06-13 08:23:25 | INFO | loader:99 |   order_items         :  112,650 filas x   7 cols
2026-06-13 08:23:25 | INFO | loader:99 |   order_payments      :  103,886 filas x   5 cols
2026-06-13 08:23:25 | INFO | loader:99 |   order_payments      :  103,886 filas x   5 cols
2026-06-13 08:23:26 | INFO | loader:99 |   order_reviews       :   99,224 filas x   7 cols
2026-06-13 08:23:26 | INFO | loader:99 |   order_reviews       :   99,224 filas x   7 cols
2026-06-13 08:23:26 | INFO | loader:99 |   customers           :   99,441 filas x   5 cols
2026-06-13 08:23:26 | INFO | loader:99 |   customers           :   99,441 filas x   5 cols
2026-06-13 08:23:26 | INFO | loader:99 |   products            :   32,951 filas x   9 cols
2026-06-13 08:23:26 | INFO | loader:99 |   products            :   32,951 filas x   9 cols
2026-06-13 08:23:26 | INFO | loader:99 |   sellers             :    3,095 filas x   4 cols
2026-06-13 08:23:26 | INFO | loader:99 |   sellers             :    3,095 filas x   4 cols
2026-06-13 08:23:26 | INFO | loader:99 |   category_trans      :       71 filas x   2 cols
2026-06-13 08:23:26 | INFO | loader:99 |   category_trans      :       71 filas x   2 cols
2026-06-13 08:23:27 | INFO | loader:99 |   geolocation         : 1,000,163 filas x   5 cols
2026-06-13 08:23:27 | INFO | loader:99 |   geolocation         : 1,000,163 filas x   5 cols
2026-06-13 08:23:27 | INFO | loader:101 | Total datasets cargados: 9
2026-06-13 08:23:27 | INFO | loader:101 | Total datasets cargados: 9
2026-06-13 08:23:28 | INFO | loader:123 | Rango temporal: 2016-09-04 → 2018-10-17 (25 meses)
2026-06-13 08:23:28 | INFO | loader:123 | Rango temporal: 2016-09-04 → 2018-10-17 (25 meses)
