2026-06-06 09:26:44 | INFO | train_pipeline:73 | 
════════════════════════════════════════════════════════════
2026-06-06 09:26:44 | INFO | train_pipeline:74 | PASO 1+2: CARGA DE DATOS
2026-06-06 09:26:44 | INFO | train_pipeline:75 | ════════════════════════════════════════════════════════════
2026-06-06 09:26:45 | INFO | loader:99 |   orders              :   99,441 filas x   8 cols
2026-06-06 09:26:45 | INFO | loader:99 |   order_items         :  112,650 filas x   7 cols
2026-06-06 09:26:46 | INFO | loader:99 |   order_payments      :  103,886 filas x   5 cols
2026-06-06 09:26:46 | INFO | loader:99 |   order_reviews       :   99,224 filas x   7 cols
2026-06-06 09:26:46 | INFO | loader:99 |   customers           :   99,441 filas x   5 cols
2026-06-06 09:26:47 | INFO | loader:99 |   products            :   32,951 filas x   9 cols
2026-06-06 09:26:47 | INFO | loader:99 |   sellers             :    3,095 filas x   4 cols
2026-06-06 09:26:47 | INFO | loader:99 |   category_trans      :       71 filas x   2 cols
2026-06-06 09:26:48 | INFO | loader:99 |   geolocation         : 1,000,163 filas x   5 cols
2026-06-06 09:26:48 | INFO | loader:101 | Total datasets cargados: 9
2026-06-06 09:26:48 | INFO | loader:123 | Rango temporal: 2016-09-04 → 2018-10-17 (25 meses)
2026-06-06 09:26:50 | INFO | loader:145 | 
       dataset    rows  cols  null_pct  dup_rows
        orders   99441     8      0.62         0
   order_items  112650     7      0.00         0
order_payments  103886     5      0.00         0
 order_reviews   99224     7     21.01         0
     customers   99441     5      0.00         0
      products   32951     9      0.83         0
       sellers    3095     4      0.00         0
category_trans      71     2      0.00         0
   geolocation 1000163     5      0.00    261831
2026-06-06 09:26:50 | INFO | train_pipeline:85 | 
════════════════════════════════════════════════════════════
2026-06-06 09:26:50 | INFO | train_pipeline:86 | PASO 3+4: MASTER TABLE Y FEATURES MENSUALES
2026-06-06 09:26:50 | INFO | train_pipeline:87 | ════════════════════════════════════════════════════════════
2026-06-06 09:26:50 | INFO | master_table:21 | Construyendo Master Table…
2026-06-06 09:26:51 | INFO | master_table:61 | Master Table base: 119,143 filas x 30 cols
2026-06-06 09:26:51 | INFO | master_table:71 | Generando features transaccionales…
2026-06-06 09:26:51 | INFO | master_table:126 | Features transaccionales añadidas: 54 cols totales
2026-06-06 09:26:51 | INFO | monthly_agg:26 | Construyendo tabla mensual…
2026-06-06 09:26:51 | INFO | monthly_agg:36 | Órdenes válidas (delivered + payment>0): 96,477
2026-06-06 09:26:52 | INFO | monthly_agg:69 | Serie mensual: 20 meses  (Dec 2016 → Jul 2018)
2026-06-06 09:26:52 | INFO | monthly_agg:119 | Features de series temporales añadidas: 44 cols totales
2026-06-06 09:26:52 | INFO | train_pipeline:97 | Monthly table: 44 features, 20 meses
2026-06-06 09:26:52 | INFO | helpers:74 | DataFrame guardado: C:\RONALD\maestria\ProyectoG10-Sprint2\data\processed\monthly_features.parquet (20 filas)
2026-06-06 09:26:52 | INFO | train_pipeline:104 | 
════════════════════════════════════════════════════════════
2026-06-06 09:26:52 | INFO | train_pipeline:105 | PASO 2: SPLITS TEMPORALES
2026-06-06 09:26:52 | INFO | train_pipeline:106 | ════════════════════════════════════════════════════════════
2026-06-06 09:26:52 | INFO | monthly_agg:154 |   Split train     :  17 meses
2026-06-06 09:26:52 | INFO | monthly_agg:154 |   Split val       :   3 meses
2026-06-06 09:26:52 | INFO | monthly_agg:154 |   Split backtest  :   0 meses
2026-06-06 09:26:52 | INFO | monthly_agg:154 |   Split live      :   0 meses
2026-06-06 09:26:52 | INFO | monthly_agg:154 |   Split all       :  20 meses
2026-06-06 09:26:52 | INFO | train_pipeline:113 | 
════════════════════════════════════════════════════════════
2026-06-06 09:26:52 | INFO | train_pipeline:114 | BASELINE MODELS (Sprint 1)
2026-06-06 09:26:52 | INFO | train_pipeline:115 | ════════════════════════════════════════════════════════════
2026-06-06 09:26:52 | INFO | metrics:51 | [Naive] RMSE=139,874.73  MAE=117,930.31  MAPE=9.05%  sMAPE=8.51%
2026-06-06 09:26:52 | INFO | metrics:51 | [MovingAverage_3M] RMSE=96,803.98  MAE=95,645.99  MAPE=7.12%  sMAPE=6.96%
2026-06-06 09:26:52 | INFO | metrics:51 | [SeasonalNaive] RMSE=691,070.88  MAE=686,897.28  MAPE=50.47%  sMAPE=67.69%
2026-06-06 09:26:52 | INFO | metrics:51 | [LinearTrend] RMSE=423,893.54  MAE=395,532.86  MAPE=29.87%  sMAPE=25.45%
2026-06-06 09:26:52 | INFO | baseline:114 | 
Mejor baseline: MovingAverage_3M (MAPE=7.12%)
2026-06-06 09:26:52 | INFO | baseline:115 | Objetivo final: MAPE < 10%
2026-06-06 09:26:52 | INFO | train_pipeline:123 | 
           model          rmse           mae      mape     smape
MovingAverage_3M  96803.975771  95645.988889  7.120480  6.961316
           Naive 139874.726733 117930.313333  9.049090  8.506213
     LinearTrend 423893.542589 395532.863578 29.866995 25.451590
   SeasonalNaive 691070.878606 686897.276667 50.471682 67.691024
2026-06-06 09:26:52 | INFO | train_pipeline:129 | 
════════════════════════════════════════════════════════════
2026-06-06 09:26:52 | INFO | train_pipeline:130 | PASO 5: LIMPIEZA DE VARIABLES
2026-06-06 09:26:52 | INFO | train_pipeline:131 | ════════════════════════════════════════════════════════════
2026-06-06 09:26:52 | INFO | cleaning:44 | OutlierClipper ajustado en 41 columnas
2026-06-06 09:26:52 | INFO | cleaning:86 | NaNImputer ajustado (median) en 41 columnas
2026-06-06 09:26:52 | INFO | cleaning:101 | NaN imputados: 79 → 0
2026-06-06 09:26:52 | INFO | cleaning:125 | RareCategoryGrouper ajustado en 0 columnas
2026-06-06 09:26:52 | INFO | cleaning:194 | Limpieza aplicada (fit+transform)
2026-06-06 09:26:52 | INFO | monthly_agg:154 |   Split train     :  17 meses
2026-06-06 09:26:52 | INFO | monthly_agg:154 |   Split val       :   3 meses
2026-06-06 09:26:52 | INFO | monthly_agg:154 |   Split backtest  :   0 meses
2026-06-06 09:26:52 | INFO | monthly_agg:154 |   Split live      :   0 meses
2026-06-06 09:26:52 | INFO | monthly_agg:154 |   Split all       :  20 meses
2026-06-06 09:26:52 | INFO | helpers:52 | Modelo guardado: C:\RONALD\maestria\ProyectoG10-Sprint2\data\models\cleaning_pipeline.pkl
2026-06-06 09:26:52 | INFO | train_pipeline:144 | 
════════════════════════════════════════════════════════════
2026-06-06 09:26:52 | INFO | train_pipeline:145 | PASO 6: SELECCIÓN DE VARIABLES
2026-06-06 09:26:52 | INFO | train_pipeline:146 | ════════════════════════════════════════════════════════════
2026-06-06 09:26:52 | INFO | selection:268 | 
============================================================
2026-06-06 09:26:52 | INFO | selection:269 | SELECCIÓN DE VARIABLES – Estado inicial: 41 features
2026-06-06 09:26:52 | INFO | selection:270 | ============================================================
2026-06-06 09:26:52 | INFO | selection:97 | Missing: 41 features OK, 0 eliminadas
2026-06-06 09:26:52 | INFO | selection:79 | PSI: 4 features estables, 37 eliminadas
2026-06-06 09:26:52 | WARNING | selection:240 | PSI: propuesta dejó 4 features (< 5), se retienen 5
2026-06-06 09:26:52 | INFO | selection:116 | Correlación (umbral=0.95): 4 features OK, 1 eliminadas
2026-06-06 09:26:52 | WARNING | selection:240 | Correlación: propuesta dejó 4 features (< 5), se retienen 5
2026-06-06 09:26:52 | INFO | selection:176 | Univariante (umbral=0.1): 5 features OK, 0 eliminadas
2026-06-06 09:26:57 | INFO | selection:214 | WRAPPER RFECV: 5 features seleccionadas
2026-06-06 09:26:57 | INFO | selection:372 | 
============================================================
2026-06-06 09:26:57 | INFO | selection:373 | RESUMEN DE SELECCIÓN DE VARIABLES:
2026-06-06 09:26:57 | INFO | selection:375 |   0_initial: 41 features
2026-06-06 09:26:57 | INFO | selection:375 |   1_missing: 41 features
2026-06-06 09:26:57 | INFO | selection:375 |   2_psi: 5 features
2026-06-06 09:26:57 | INFO | selection:375 |   3_correlation: 5 features
2026-06-06 09:26:57 | INFO | selection:375 |   4_univariate: 5 features
2026-06-06 09:26:57 | INFO | selection:375 |   5_wrapper: 5 features
2026-06-06 09:26:57 | INFO | selection:376 |   → Features finales seleccionadas: 5
2026-06-06 09:26:57 | INFO | selection:377 | ============================================================
2026-06-06 09:26:57 | INFO | train_pipeline:168 | Features finales: ['monthly_orders', 'month', 'avg_delay_days', 'month_sin', 'quarter']
2026-06-06 09:26:57 | INFO | train_pipeline:195 | 
════════════════════════════════════════════════════════════
2026-06-06 09:26:57 | INFO | train_pipeline:196 | PASO 8: ENTRENAMIENTO MODELO FINAL
2026-06-06 09:26:57 | INFO | train_pipeline:197 | ════════════════════════════════════════════════════════════
2026-06-06 09:27:01 | INFO | forecaster:82 | LightGBM entrenado (3 horizontes)
2026-06-06 09:27:01 | INFO | trainer:158 | Modelo final entrenado con mejores hiperparámetros
2026-06-06 09:27:01 | INFO | helpers:52 | Modelo guardado: C:\RONALD\maestria\ProyectoG10-Sprint2\data\models\lgbm_forecaster.pkl
2026-06-06 09:27:01 | INFO | train_pipeline:232 | 
════════════════════════════════════════════════════════════
2026-06-06 09:27:01 | INFO | train_pipeline:233 | MÉTRICAS DE NEGOCIO
2026-06-06 09:27:01 | INFO | train_pipeline:234 | ════════════════════════════════════════════════════════════
2026-06-06 09:27:01 | INFO | metrics:129 | Métricas de negocio calculadas
2026-06-06 09:27:01 | INFO | train_pipeline:292 | 
 Pipeline de entrenamiento completado exitosamente.
2026-06-06 09:35:21 | INFO | train_pipeline:73 | 
════════════════════════════════════════════════════════════
2026-06-06 09:35:21 | INFO | train_pipeline:74 | PASO 1+2: CARGA DE DATOS
2026-06-06 09:35:21 | INFO | train_pipeline:75 | ════════════════════════════════════════════════════════════
2026-06-06 09:35:22 | INFO | loader:99 |   orders              :   99,441 filas x   8 cols
2026-06-06 09:35:22 | INFO | loader:99 |   order_items         :  112,650 filas x   7 cols
2026-06-06 09:35:22 | INFO | loader:99 |   order_payments      :  103,886 filas x   5 cols
2026-06-06 09:35:23 | INFO | loader:99 |   order_reviews       :   99,224 filas x   7 cols
2026-06-06 09:35:23 | INFO | loader:99 |   customers           :   99,441 filas x   5 cols
2026-06-06 09:35:23 | INFO | loader:99 |   products            :   32,951 filas x   9 cols
2026-06-06 09:35:23 | INFO | loader:99 |   sellers             :    3,095 filas x   4 cols
2026-06-06 09:35:23 | INFO | loader:99 |   category_trans      :       71 filas x   2 cols
2026-06-06 09:35:25 | INFO | loader:99 |   geolocation         : 1,000,163 filas x   5 cols
2026-06-06 09:35:25 | INFO | loader:101 | Total datasets cargados: 9
2026-06-06 09:35:25 | INFO | loader:123 | Rango temporal: 2016-09-04 → 2018-10-17 (25 meses)
2026-06-06 09:35:27 | INFO | loader:145 | 
       dataset    rows  cols  null_pct  dup_rows
        orders   99441     8      0.62         0
   order_items  112650     7      0.00         0
order_payments  103886     5      0.00         0
 order_reviews   99224     7     21.01         0
     customers   99441     5      0.00         0
      products   32951     9      0.83         0
       sellers    3095     4      0.00         0
category_trans      71     2      0.00         0
   geolocation 1000163     5      0.00    261831
2026-06-06 09:35:27 | INFO | train_pipeline:85 | 
════════════════════════════════════════════════════════════
2026-06-06 09:35:27 | INFO | train_pipeline:86 | PASO 3+4: MASTER TABLE Y FEATURES MENSUALES
2026-06-06 09:35:27 | INFO | train_pipeline:87 | ════════════════════════════════════════════════════════════
2026-06-06 09:35:27 | INFO | master_table:21 | Construyendo Master Table…
2026-06-06 09:35:28 | INFO | master_table:61 | Master Table base: 119,143 filas x 30 cols
2026-06-06 09:35:28 | INFO | master_table:71 | Generando features transaccionales…
2026-06-06 09:35:28 | INFO | master_table:126 | Features transaccionales añadidas: 54 cols totales
2026-06-06 09:35:28 | INFO | monthly_agg:26 | Construyendo tabla mensual…
2026-06-06 09:35:29 | INFO | monthly_agg:36 | Órdenes válidas (delivered + payment>0): 96,477
2026-06-06 09:35:29 | INFO | monthly_agg:69 | Serie mensual: 20 meses  (Dec 2016 → Jul 2018)
2026-06-06 09:35:29 | INFO | monthly_agg:119 | Features de series temporales añadidas: 44 cols totales
2026-06-06 09:35:29 | INFO | train_pipeline:97 | Monthly table: 44 features, 20 meses
2026-06-06 09:35:29 | INFO | helpers:74 | DataFrame guardado: C:\RONALD\maestria\ProyectoG10-Sprint2\data\processed\monthly_features.parquet (20 filas)
2026-06-06 09:35:29 | INFO | train_pipeline:104 | 
════════════════════════════════════════════════════════════
2026-06-06 09:35:29 | INFO | train_pipeline:105 | PASO 2: SPLITS TEMPORALES
2026-06-06 09:35:29 | INFO | train_pipeline:106 | ════════════════════════════════════════════════════════════
2026-06-06 09:35:29 | INFO | monthly_agg:154 |   Split train     :  17 meses
2026-06-06 09:35:29 | INFO | monthly_agg:154 |   Split val       :   3 meses
2026-06-06 09:35:29 | INFO | monthly_agg:154 |   Split backtest  :   0 meses
2026-06-06 09:35:29 | INFO | monthly_agg:154 |   Split live      :   0 meses
2026-06-06 09:35:29 | INFO | monthly_agg:154 |   Split all       :  20 meses
2026-06-06 09:35:29 | INFO | train_pipeline:113 | 
════════════════════════════════════════════════════════════
2026-06-06 09:35:29 | INFO | train_pipeline:114 | BASELINE MODELS (Sprint 1)
2026-06-06 09:35:29 | INFO | train_pipeline:115 | ════════════════════════════════════════════════════════════
2026-06-06 09:35:29 | INFO | metrics:51 | [Naive] RMSE=139,874.73  MAE=117,930.31  MAPE=9.05%  sMAPE=8.51%
2026-06-06 09:35:29 | INFO | metrics:51 | [MovingAverage_3M] RMSE=96,803.98  MAE=95,645.99  MAPE=7.12%  sMAPE=6.96%
2026-06-06 09:35:29 | INFO | metrics:51 | [SeasonalNaive] RMSE=691,070.88  MAE=686,897.28  MAPE=50.47%  sMAPE=67.69%
2026-06-06 09:35:29 | INFO | metrics:51 | [LinearTrend] RMSE=423,893.54  MAE=395,532.86  MAPE=29.87%  sMAPE=25.45%
2026-06-06 09:35:29 | INFO | baseline:114 | 
Mejor baseline: MovingAverage_3M (MAPE=7.12%)
2026-06-06 09:35:29 | INFO | baseline:115 | Objetivo final: MAPE < 10%
2026-06-06 09:35:29 | INFO | train_pipeline:123 | 
           model          rmse           mae      mape     smape
MovingAverage_3M  96803.975771  95645.988889  7.120480  6.961316
           Naive 139874.726733 117930.313333  9.049090  8.506213
     LinearTrend 423893.542589 395532.863578 29.866995 25.451590
   SeasonalNaive 691070.878606 686897.276667 50.471682 67.691024
2026-06-06 09:35:29 | INFO | train_pipeline:129 | 
════════════════════════════════════════════════════════════
2026-06-06 09:35:29 | INFO | train_pipeline:130 | PASO 5: LIMPIEZA DE VARIABLES
2026-06-06 09:35:29 | INFO | train_pipeline:131 | ════════════════════════════════════════════════════════════
2026-06-06 09:35:29 | INFO | cleaning:44 | OutlierClipper ajustado en 41 columnas
2026-06-06 09:35:29 | INFO | cleaning:86 | NaNImputer ajustado (median) en 41 columnas
2026-06-06 09:35:29 | INFO | cleaning:101 | NaN imputados: 79 → 0
2026-06-06 09:35:29 | INFO | cleaning:125 | RareCategoryGrouper ajustado en 0 columnas
2026-06-06 09:35:29 | INFO | cleaning:194 | Limpieza aplicada (fit+transform)
2026-06-06 09:35:29 | INFO | monthly_agg:154 |   Split train     :  17 meses
2026-06-06 09:35:29 | INFO | monthly_agg:154 |   Split val       :   3 meses
2026-06-06 09:35:29 | INFO | monthly_agg:154 |   Split backtest  :   0 meses
2026-06-06 09:35:29 | INFO | monthly_agg:154 |   Split live      :   0 meses
2026-06-06 09:35:29 | INFO | monthly_agg:154 |   Split all       :  20 meses
2026-06-06 09:35:29 | INFO | helpers:52 | Modelo guardado: C:\RONALD\maestria\ProyectoG10-Sprint2\data\models\cleaning_pipeline.pkl
2026-06-06 09:35:29 | INFO | train_pipeline:144 | 
════════════════════════════════════════════════════════════
2026-06-06 09:35:29 | INFO | train_pipeline:145 | PASO 6: SELECCIÓN DE VARIABLES
2026-06-06 09:35:29 | INFO | train_pipeline:146 | ════════════════════════════════════════════════════════════
2026-06-06 09:35:29 | INFO | selection:268 | 
============================================================
2026-06-06 09:35:29 | INFO | selection:269 | SELECCIÓN DE VARIABLES – Estado inicial: 41 features
2026-06-06 09:35:29 | INFO | selection:270 | ============================================================
2026-06-06 09:35:29 | INFO | selection:97 | Missing: 41 features OK, 0 eliminadas
2026-06-06 09:35:29 | INFO | selection:79 | PSI: 4 features estables, 37 eliminadas
2026-06-06 09:35:29 | WARNING | selection:240 | PSI: propuesta dejó 4 features (< 5), se retienen 5
2026-06-06 09:35:29 | INFO | selection:116 | Correlación (umbral=0.95): 4 features OK, 1 eliminadas
2026-06-06 09:35:29 | WARNING | selection:240 | Correlación: propuesta dejó 4 features (< 5), se retienen 5
2026-06-06 09:35:29 | INFO | selection:176 | Univariante (umbral=0.1): 5 features OK, 0 eliminadas
2026-06-06 09:35:34 | INFO | selection:214 | WRAPPER RFECV: 5 features seleccionadas
2026-06-06 09:35:34 | INFO | selection:372 | 
============================================================
2026-06-06 09:35:34 | INFO | selection:373 | RESUMEN DE SELECCIÓN DE VARIABLES:
2026-06-06 09:35:34 | INFO | selection:375 |   0_initial: 41 features
2026-06-06 09:35:34 | INFO | selection:375 |   1_missing: 41 features
2026-06-06 09:35:34 | INFO | selection:375 |   2_psi: 5 features
2026-06-06 09:35:34 | INFO | selection:375 |   3_correlation: 5 features
2026-06-06 09:35:34 | INFO | selection:375 |   4_univariate: 5 features
2026-06-06 09:35:34 | INFO | selection:375 |   5_wrapper: 5 features
2026-06-06 09:35:34 | INFO | selection:376 |   → Features finales seleccionadas: 5
2026-06-06 09:35:34 | INFO | selection:377 | ============================================================
2026-06-06 09:35:34 | INFO | train_pipeline:168 | Features finales: ['monthly_orders', 'month', 'avg_delay_days', 'month_sin', 'quarter']
2026-06-06 09:35:34 | INFO | train_pipeline:195 | 
════════════════════════════════════════════════════════════
2026-06-06 09:35:34 | INFO | train_pipeline:196 | PASO 8: ENTRENAMIENTO MODELO FINAL
2026-06-06 09:35:34 | INFO | train_pipeline:197 | ════════════════════════════════════════════════════════════
2026-06-06 09:35:38 | INFO | forecaster:82 | LightGBM entrenado (3 horizontes)
2026-06-06 09:35:38 | INFO | trainer:158 | Modelo final entrenado con mejores hiperparámetros
2026-06-06 09:35:38 | INFO | helpers:52 | Modelo guardado: C:\RONALD\maestria\ProyectoG10-Sprint2\data\models\lgbm_forecaster.pkl
2026-06-06 09:35:38 | INFO | train_pipeline:232 | 
════════════════════════════════════════════════════════════
2026-06-06 09:35:38 | INFO | train_pipeline:233 | MÉTRICAS DE NEGOCIO
2026-06-06 09:35:38 | INFO | train_pipeline:234 | ════════════════════════════════════════════════════════════
2026-06-06 09:35:39 | INFO | metrics:129 | Métricas de negocio calculadas
2026-06-06 09:35:39 | INFO | train_pipeline:292 | 
 Pipeline de entrenamiento completado exitosamente.
2026-06-10 15:40:29 | INFO | train_pipeline:73 | 
════════════════════════════════════════════════════════════
2026-06-10 15:40:29 | INFO | train_pipeline:74 | PASO 1+2: CARGA DE DATOS
2026-06-10 15:40:29 | INFO | train_pipeline:75 | ════════════════════════════════════════════════════════════
2026-06-10 15:40:29 | INFO | loader:42 | Dataset ya descargado, usando caché local.
2026-06-10 15:40:29 | INFO | loader:99 |   orders              :   99,441 filas x   8 cols
2026-06-10 15:40:30 | INFO | loader:99 |   order_items         :  112,650 filas x   7 cols
2026-06-10 15:40:30 | INFO | loader:99 |   order_payments      :  103,886 filas x   5 cols
2026-06-10 15:40:30 | INFO | loader:99 |   order_reviews       :   99,224 filas x   7 cols
2026-06-10 15:40:30 | INFO | loader:99 |   customers           :   99,441 filas x   5 cols
2026-06-10 15:40:30 | INFO | loader:99 |   products            :   32,951 filas x   9 cols
2026-06-10 15:40:30 | INFO | loader:99 |   sellers             :    3,095 filas x   4 cols
2026-06-10 15:40:30 | INFO | loader:99 |   category_trans      :       71 filas x   2 cols
2026-06-10 15:40:31 | INFO | loader:99 |   geolocation         : 1,000,163 filas x   5 cols
2026-06-10 15:40:31 | INFO | loader:101 | Total datasets cargados: 9
2026-06-10 15:40:31 | INFO | loader:123 | Rango temporal: 2016-09-04 → 2018-10-17 (25 meses)
2026-06-10 15:40:32 | INFO | loader:145 | 
       dataset    rows  cols  null_pct  dup_rows
        orders   99441     8      0.62         0
   order_items  112650     7      0.00         0
order_payments  103886     5      0.00         0
 order_reviews   99224     7     21.01         0
     customers   99441     5      0.00         0
      products   32951     9      0.83         0
       sellers    3095     4      0.00         0
category_trans      71     2      0.00         0
   geolocation 1000163     5      0.00    261831
2026-06-10 15:40:32 | INFO | train_pipeline:85 | 
════════════════════════════════════════════════════════════
2026-06-10 15:40:32 | INFO | train_pipeline:86 | PASO 3+4: MASTER TABLE Y FEATURES MENSUALES
2026-06-10 15:40:32 | INFO | train_pipeline:87 | ════════════════════════════════════════════════════════════
2026-06-10 15:40:32 | INFO | master_table:21 | Construyendo Master Table…
2026-06-10 15:40:32 | INFO | master_table:61 | Master Table base: 119,143 filas x 30 cols
2026-06-10 15:40:32 | INFO | master_table:71 | Generando features transaccionales…
2026-06-10 15:40:33 | INFO | master_table:126 | Features transaccionales añadidas: 54 cols totales
2026-06-10 15:40:33 | INFO | monthly_agg:26 | Construyendo tabla mensual…
2026-06-10 15:40:33 | INFO | monthly_agg:36 | Órdenes válidas (delivered + payment>0): 96,477
2026-06-10 15:40:33 | INFO | monthly_agg:69 | Serie mensual: 20 meses  (Dec 2016 → Jul 2018)
2026-06-10 15:40:33 | INFO | monthly_agg:119 | Features de series temporales añadidas: 44 cols totales
2026-06-10 15:40:33 | INFO | train_pipeline:97 | Monthly table: 44 features, 20 meses
2026-06-10 15:40:33 | INFO | helpers:74 | DataFrame guardado: C:\RONALD\maestria\ProyectoG10-Sprint2\data\processed\monthly_features.parquet (20 filas)
2026-06-10 15:40:33 | INFO | train_pipeline:104 | 
════════════════════════════════════════════════════════════
2026-06-10 15:40:33 | INFO | train_pipeline:105 | PASO 2: SPLITS TEMPORALES
2026-06-10 15:40:33 | INFO | train_pipeline:106 | ════════════════════════════════════════════════════════════
2026-06-10 15:40:33 | INFO | monthly_agg:154 |   Split train     :  17 meses
2026-06-10 15:40:33 | INFO | monthly_agg:154 |   Split val       :   3 meses
2026-06-10 15:40:33 | INFO | monthly_agg:154 |   Split backtest  :   0 meses
2026-06-10 15:40:33 | INFO | monthly_agg:154 |   Split live      :   0 meses
2026-06-10 15:40:33 | INFO | monthly_agg:154 |   Split all       :  20 meses
2026-06-10 15:40:33 | INFO | train_pipeline:113 | 
════════════════════════════════════════════════════════════
2026-06-10 15:40:33 | INFO | train_pipeline:114 | BASELINE MODELS (Sprint 1)
2026-06-10 15:40:33 | INFO | train_pipeline:115 | ════════════════════════════════════════════════════════════
2026-06-10 15:40:33 | INFO | metrics:51 | [Naive] RMSE=139,874.73  MAE=117,930.31  MAPE=9.05%  sMAPE=8.51%
2026-06-10 15:40:33 | INFO | metrics:51 | [MovingAverage_3M] RMSE=96,803.98  MAE=95,645.99  MAPE=7.12%  sMAPE=6.96%
2026-06-10 15:40:33 | INFO | metrics:51 | [SeasonalNaive] RMSE=691,070.88  MAE=686,897.28  MAPE=50.47%  sMAPE=67.69%
2026-06-10 15:40:33 | INFO | metrics:51 | [LinearTrend] RMSE=423,893.54  MAE=395,532.86  MAPE=29.87%  sMAPE=25.45%
2026-06-10 15:40:33 | INFO | baseline:114 | 
Mejor baseline: MovingAverage_3M (MAPE=7.12%)
2026-06-10 15:40:33 | INFO | baseline:115 | Objetivo final: MAPE < 10%
2026-06-10 15:40:33 | INFO | train_pipeline:123 | 
           model          rmse           mae      mape     smape
MovingAverage_3M  96803.975771  95645.988889  7.120480  6.961316
           Naive 139874.726733 117930.313333  9.049090  8.506213
     LinearTrend 423893.542589 395532.863578 29.866995 25.451590
   SeasonalNaive 691070.878606 686897.276667 50.471682 67.691024
2026-06-10 15:40:33 | INFO | train_pipeline:129 | 
════════════════════════════════════════════════════════════
2026-06-10 15:40:33 | INFO | train_pipeline:130 | PASO 5: LIMPIEZA DE VARIABLES
2026-06-10 15:40:33 | INFO | train_pipeline:131 | ════════════════════════════════════════════════════════════
2026-06-10 15:40:33 | INFO | cleaning:47 | OutlierClipper ajustado en 41 columnas
2026-06-10 15:40:33 | INFO | cleaning:89 | NaNImputer ajustado (median) en 41 columnas
2026-06-10 15:40:33 | INFO | cleaning:104 | NaN imputados: 79 → 0
2026-06-10 15:40:33 | INFO | cleaning:128 | RareCategoryGrouper ajustado en 0 columnas
2026-06-10 15:40:33 | INFO | cleaning:170 | CategoricalEncoder ajustado en 0 columnas categóricas
2026-06-10 15:40:33 | INFO | cleaning:232 | FeatureScaler (standard) ajustado en 39 columnas
2026-06-10 15:40:33 | INFO | cleaning:305 | Limpieza aplicada (fit+transform)
2026-06-10 15:40:33 | INFO | monthly_agg:154 |   Split train     :  17 meses
2026-06-10 15:40:33 | INFO | monthly_agg:154 |   Split val       :   3 meses
2026-06-10 15:40:33 | INFO | monthly_agg:154 |   Split backtest  :   0 meses
2026-06-10 15:40:33 | INFO | monthly_agg:154 |   Split live      :   0 meses
2026-06-10 15:40:33 | INFO | monthly_agg:154 |   Split all       :  20 meses
2026-06-10 15:40:33 | INFO | helpers:52 | Modelo guardado: C:\RONALD\maestria\ProyectoG10-Sprint2\data\models\cleaning_pipeline.pkl
2026-06-10 15:40:33 | INFO | train_pipeline:144 | 
════════════════════════════════════════════════════════════
2026-06-10 15:40:33 | INFO | train_pipeline:145 | PASO 6: SELECCIÓN DE VARIABLES
2026-06-10 15:40:33 | INFO | train_pipeline:146 | ════════════════════════════════════════════════════════════
2026-06-10 15:40:33 | INFO | selection:268 | 
============================================================
2026-06-10 15:40:33 | INFO | selection:269 | SELECCIÓN DE VARIABLES – Estado inicial: 41 features
2026-06-10 15:40:33 | INFO | selection:270 | ============================================================
2026-06-10 15:40:33 | INFO | selection:97 | Missing: 41 features OK, 0 eliminadas
2026-06-10 15:40:33 | INFO | selection:79 | PSI: 4 features estables, 37 eliminadas
2026-06-10 15:40:33 | WARNING | selection:240 | PSI: propuesta dejó 4 features (< 5), se retienen 5
2026-06-10 15:40:33 | INFO | selection:116 | Correlación (umbral=0.95): 4 features OK, 1 eliminadas
2026-06-10 15:40:33 | WARNING | selection:240 | Correlación: propuesta dejó 4 features (< 5), se retienen 5
2026-06-10 15:40:33 | INFO | selection:176 | Univariante (umbral=0.1): 5 features OK, 0 eliminadas
2026-06-10 15:40:36 | INFO | selection:214 | WRAPPER RFECV: 3 features seleccionadas
2026-06-10 15:40:36 | WARNING | selection:240 | Wrapper: propuesta dejó 3 features (< 5), se retienen 5
2026-06-10 15:40:36 | INFO | selection:372 | 
============================================================
2026-06-10 15:40:36 | INFO | selection:373 | RESUMEN DE SELECCIÓN DE VARIABLES:
2026-06-10 15:40:36 | INFO | selection:375 |   0_initial: 41 features
2026-06-10 15:40:36 | INFO | selection:375 |   1_missing: 41 features
2026-06-10 15:40:36 | INFO | selection:375 |   2_psi: 5 features
2026-06-10 15:40:36 | INFO | selection:375 |   3_correlation: 5 features
2026-06-10 15:40:36 | INFO | selection:375 |   4_univariate: 5 features
2026-06-10 15:40:36 | INFO | selection:375 |   5_wrapper: 5 features
2026-06-10 15:40:36 | INFO | selection:376 |   → Features finales seleccionadas: 5
2026-06-10 15:40:36 | INFO | selection:377 | ============================================================
2026-06-10 15:40:36 | INFO | train_pipeline:168 | Features finales: ['monthly_orders', 'avg_delay_days', 'month_sin', 'month', 'quarter']
2026-06-10 15:40:36 | INFO | train_pipeline:195 | 
════════════════════════════════════════════════════════════
2026-06-10 15:40:36 | INFO | train_pipeline:196 | PASO 8: ENTRENAMIENTO MODELO FINAL
2026-06-10 15:40:36 | INFO | train_pipeline:197 | ════════════════════════════════════════════════════════════
2026-06-10 15:40:37 | INFO | forecaster:82 | LightGBM entrenado (3 horizontes)
2026-06-10 15:40:37 | INFO | trainer:158 | Modelo final entrenado con mejores hiperparámetros
2026-06-10 15:40:37 | INFO | helpers:52 | Modelo guardado: C:\RONALD\maestria\ProyectoG10-Sprint2\data\models\lgbm_forecaster.pkl
2026-06-10 15:40:37 | INFO | train_pipeline:313 | 
════════════════════════════════════════════════════════════
2026-06-10 15:40:37 | INFO | train_pipeline:314 | MÉTRICAS DE NEGOCIO
2026-06-10 15:40:37 | INFO | train_pipeline:315 | ════════════════════════════════════════════════════════════
2026-06-10 15:40:37 | INFO | metrics:129 | Métricas de negocio calculadas
2026-06-10 15:40:37 | INFO | train_pipeline:373 | 
 Pipeline de entrenamiento completado exitosamente.
